2015/12/17 6:47:22 X87114 1.2.40.0.10.20151214.4368062 32412
2015/12/17 7:06:35 A175610 1.2.40.0.10.20151217.4377292 11459
2015/12/17 7:06:52 Y15551 1.2.40.0.10.20151215.4369936 15423
2015/12/17 7:11:50 X87158 1.2.40.0.10.20151215.4371970 32413
2015/12/17 7:21:50 A175611 1.2.40.0.10.20151217.4377293 11460
2015/12/17 7:27:07 Y15552 1.2.40.0.10.20151215.4369958 15424
2015/12/17 7:29:01 X87134 1.2.40.0.10.20151215.4371013 32414
2015/12/17 7:36:28 A175538 1.2.40.0.10.20151215.4372951 11461
2015/12/17 7:48:24 X87127 1.2.40.0.10.20151215.4369963 15425
2015/12/17 7:49:29 X87128 1.2.40.0.10.20151215.4369606 32415
2015/12/17 7:53:51 A175612 1.2.40.0.10.20151217.4377326 11462
2015/12/17 8:03:49 A175576 1.2.40.0.10.20151216.4375229 32416
2015/12/17 8:09:16 Y15566 1.2.840.113619.2.312.2807.4235192.11529.1450307136.589 15426
2015/12/17 8:09:40 A175613 1.2.40.0.10.20151217.4377370 11463
2015/12/17 8:19:39 X87207 1.2.40.0.10.20151217.4377302 32417
2015/12/17 8:25:12 A175470 1.2.40.0.10.20151215.4368629 11464
2015/12/17 8:26:22 Y14561 1.2.840.113619.2.312.2807.4235192.11529.1450307136.615 15427
2015/12/17 8:34:19 X87160 1.2.40.0.10.20151215.4372178 32418
2015/12/17 8:40:06 A175480 1.2.40.0.10.20151215.4369933 11465
2015/12/17 8:49:02 Y15565 1.2.40.0.10.20151215.4370652 15428
2015/12/17 8:52:24 X87101 1.2.840.113619.2.25.4.1417969.1450316643.233 51956
2015/12/17 8:58:47 A175614 1.2.40.0.10.20151217.4377501 11466
2015/12/17 9:12:53 Y15575 1.2.840.113619.2.312.2807.4235192.11529.1450307136.672 15429
2015/12/17 9:13:17 A175496 1.2.40.0.10.20151215.4370669 11467
2015/12/17 9:25:13 X87212 1.2.40.0.10.20151217.4377317 32419
2015/12/17 9:31:26 A175497 1.2.840.113619.2.135.3596.375556.4489.1449131542.373 11468
2015/12/17 9:41:20 Y15431 1.2.840.113619.2.312.2807.4235192.11529.1450307136.701 15430
2015/12/17 9:45:51 X87213 1.2.40.0.10.20151217.4377445 32420
2015/12/17 9:49:25 A175615 1.2.40.0.10.20151217.4377508 11469
2015/12/17 10:04:48 A175604 1.2.40.0.10.20151217.4377332 11470
2015/12/17 10:09:35 X87118 1.2.840.113619.2.25.4.1417969.1450332295.403 51957
2015/12/17 10:19:53 A175617 1.2.40.0.10.20151217.4378146 11471
2015/12/17 10:31:17 A175616 1.2.40.0.10.20151217.4378109 11472
2015/12/17 10:44:29 Y15600 1.2.40.0.10.20151216.4373908 32421
2015/12/17 10:46:48 Y15673 1.2.40.0.10.20151217.4377936 15431
2015/12/17 10:55:19 Y15676 1.2.40.0.10.20151217.4378077 32422
2015/12/17 11:05:05 Y15649 1.2.40.0.10.20151216.4376695 32423
2015/12/17 11:08:45 Y15600 1.2.840.113619.2.312.2807.4235192.11529.1450307136.780 15432
2015/12/17 11:12:25 A175620 1.2.40.0.10.20151217.4378713 11473
2015/12/17 11:17:17 X87151 1.2.40.0.10.20151215.4370883 32424
2015/12/17 11:29:26 Y15555 1.2.40.0.10.20151215.4370399 32425
2015/12/17 11:29:59 A175618 1.2.840.113619.2.135.3596.375556.4489.1449131542.387 11474
2015/12/17 11:39:44 Y15623 1.2.40.0.10.20151216.4375330 32426
2015/12/17 11:42:03 A175619 1.2.840.113619.2.135.3596.375556.4489.1449131542.390 11475
2015/12/17 11:51:58 X87204 1.2.40.0.10.20151216.4376607 32427
2015/12/17 11:53:48 A175640 1.2.40.0.10.20151217.4379193 11476
2015/12/17 11:55:11 X87222 1.2.40.0.10.20151217.4378542 15433
2015/12/17 12:03:56 A175607 1.2.40.0.10.20151217.4377479 11477
2015/12/17 12:04:12 X87002 1.2.40.0.10.20151212.4360501 32428
2015/12/17 12:13:44 Y15810 1.2.40.0.10.20151217.4378407 15434
2015/12/17 12:18:11 X87545 1.2.40.0.10.20151217.4379128 32429
2015/12/17 12:19:35 A175481 1.2.40.0.10.20151215.4369870 11478
2015/12/17 12:30:15 Y15636 1.2.40.0.10.20151216.4375582 15435
2015/12/17 12:30:45 A175475 1.2.40.0.10.20151215.4369281 11479
2015/12/17 12:32:10 X87155 1.2.840.113619.2.312.4120.8398642.12366.1450174599.674 32430
2015/12/17 12:44:33 Y15586 1.2.40.0.10.20151215.4372895 15436
2015/12/17 12:45:34 A175628 1.2.40.0.10.20151217.4378027 11480
2015/12/17 12:50:45 Y15654 1.2.40.0.10.20151217.4377267 32431
2015/12/17 12:58:41 A175630 1.2.840.113619.2.135.3596.375556.4489.1449131542.403 11481
2015/12/17 12:59:02 Y15664 1.2.840.113619.2.312.2807.4235192.11529.1450307136.903 15437
2015/12/17 13:12:00 X87178 1.2.40.0.10.20151216.4374403 15438
2015/12/17 13:14:28 A175634 1.2.40.0.10.20151217.4379149 32432
2015/12/17 13:15:31 A175608 1.2.40.0.10.20151217.4378048 11482
2015/12/17 13:27:16 Y15667 1.2.40.0.10.20151217.4377713 15439
2015/12/17 13:28:56 Y15628 1.2.40.0.10.20151216.4375146 32433
2015/12/17 13:32:28 A175536 1.2.40.0.10.20151215.4372976 11483
2015/12/17 13:43:26 Y15556 1.2.40.0.10.20151215.4370521 15440
2015/12/17 13:43:53 Y15546 1.2.40.0.10.20151215.4369269 32434
2015/12/17 13:46:25 X87217 1.2.40.0.10.20151217.4377775 11484
2015/12/17 13:58:24 X87166 1.2.40.0.10.20151215.4372241 32435
2015/12/17 14:00:02 Y15602 1.2.40.0.10.20151216.4373531 15441
2015/12/17 14:00:09 A175603 1.2.40.0.10.20151216.4377001 11485
2015/12/17 14:15:09 Y15554 1.2.40.0.10.20151215.4370201 15442
2015/12/17 14:15:16 A175540 1.2.40.0.10.20151215.4372908 11486
2015/12/17 14:23:22 X87183 1.2.40.0.10.20151216.4375051 32436
2015/12/17 14:28:38 A175596 1.2.40.0.10.20151216.4376665 11487
2015/12/17 14:36:11 Y15583 1.2.40.0.10.20151215.4372794 15443
2015/12/17 14:37:54 X87131 1.2.40.0.10.20151215.4370270 32437
2015/12/17 14:41:05 A175494 1.2.40.0.10.20151215.4371217 11488
2015/12/17 14:49:02 X87176 1.2.40.0.10.20151216.4374474 15444
2015/12/17 14:56:01 A175663 1.2.40.0.10.20151217.4379913 11489
2015/12/17 15:07:00 X87547 1.2.40.0.10.20151217.4379800 32438
2015/12/17 15:08:15 A175662 1.2.40.0.10.20151217.4379980 11490
2015/12/17 15:12:36 Y15641 1.2.40.0.10.20151216.4376433 15445
2015/12/17 15:22:54 Y15557 1.2.840.113619.2.312.4120.8398642.12366.1450174599.862 32439
2015/12/17 15:27:18 X87093 1.2.40.0.10.20151214.4367211 15446
2015/12/17 15:27:47 A175661 1.2.40.0.10.20151217.4379961 11492
2015/12/17 15:35:50 X87168 1.2.40.0.10.20151215.4372467 32440
2015/12/17 15:47:45 X87308 1.2.40.0.10.20151217.4378737 32441
2015/12/17 15:51:28 A175495 1.2.40.0.10.20151215.4371285 11493
2015/12/17 15:54:55 Y15577 1.2.40.0.10.20151215.4372546 15447
2015/12/17 15:59:35 X87187 1.2.40.0.10.20151216.4375430 32442
2015/12/17 16:07:24 A175587 1.2.40.0.10.20151216.4375803 11494
2015/12/17 16:18:00 A175665 1.2.40.0.10.20151217.4380396 11495
2015/12/17 16:18:32 Y15611 1.2.40.0.10.20151216.4374608 15448
2015/12/17 16:20:21 X87124 1.2.40.0.10.20151215.4369536 32443
2015/12/17 16:28:53 X87170 1.2.40.0.10.20151216.4373575 32444
2015/12/17 16:33:41 Y15614 1.2.40.0.10.20151216.4374716 15449
2015/12/17 16:40:15 A175535 1.2.40.0.10.20151215.4373027 11496
2015/12/17 16:44:25 Y15601 1.2.40.0.10.20151216.4373343 15450
2015/12/17 16:51:35 A175493 1.2.40.0.10.20151215.4371277 11497
2015/12/17 16:52:56 X87148 1.2.40.0.10.20151215.4370953 32446
2015/12/17 16:55:37 Y15620 1.2.40.0.10.20151216.4375132 15451
2015/12/17 17:06:20 Y15581 1.2.40.0.10.20151215.4372705 15452
2015/12/17 17:06:45 A175586 1.2.40.0.10.20151216.4375783 11498
2015/12/17 17:06:58 X87541 1.2.40.0.10.20151217.4380675 32447
2015/12/17 17:17:14 Y15561 1.2.40.0.10.20151215.4370605 15453
2015/12/17 17:22:25 A175492 1.2.40.0.10.20151215.4371032 11499
2015/12/17 17:30:43 X87050 1.2.840.113619.2.25.4.1417969.1450348520.272 32448
2015/12/17 17:30:43 geserivce 1.2.840.113619.2.312.4120.8398642.12366.1450174600.14 32448
2015/12/17 17:31:35 Y15562 1.2.40.0.10.20151215.4370583 15454
2015/12/17 17:39:17 Y15621 1.2.40.0.10.20151216.4375266 11500
2015/12/17 17:49:18 Y15563 1.2.40.0.10.20151215.4370630 15455
2015/12/17 17:54:40 Y15707 1.2.40.0.10.20151217.4380618 11501
2015/12/17 18:07:07 X87141 1.2.40.0.10.20151215.4370408 32449
2015/12/17 18:08:53 A175666 1.2.40.0.10.20151217.4380754 11502
2015/12/17 18:11:31 X87234 1.2.40.0.10.20151217.4380759 15456
2015/12/17 18:20:12 Y15568 1.2.840.113619.2.312.4120.8398642.12366.1450174600.58 32450
2015/12/17 18:24:23 X87143 1.2.40.0.10.20151215.4371018 11503
2015/12/17 18:33:01 X87157 1.2.40.0.10.20151215.4370689 32451
2015/12/17 18:33:29 Y15587 1.2.40.0.10.20151216.4373391 15457
2015/12/17 18:48:01 Y15570 1.2.40.0.10.20151215.4371882 15458
2015/12/17 19:03:49 Y15585 1.2.40.0.10.20151215.4372787 15459
2015/12/17 19:06:17 X87144 1.2.40.0.10.20151215.4370914 32452
2015/12/17 19:19:42 Y15579 1.2.40.0.10.20151215.4372694 15460
2015/12/17 19:34:01 Y15582 1.2.40.0.10.20151215.4372791 15461
2015/12/17 19:36:01 X87215 1.2.40.0.10.20151217.4377914 32453
2015/12/17 19:50:37 Y15580 1.2.40.0.10.20151215.4372702 15462
2015/12/17 20:10:20 X87145 1.2.840.113619.2.25.4.1417969.1450359707.395 51958
2015/12/17 20:53:04 Y15750 1.2.40.0.10.20151217.4380859 15463
2015/12/17 21:12:44 x87145 1.2.840.113619.2.25.4.1417969.1450359802.612 51959
2015/12/17 21:24:43 A175668 1.2.40.0.10.20151217.4380873 11504
2015/12/17 21:29:55 X87157 1.2.840.113619.2.312.4120.8398642.12366.1450174600.161 32454
2015/12/17 21:47:19 X87029 1.2.840.113619.2.25.4.1417969.1450406040.210 51960
2015/12/17 21:47:19 geservice 1.2.840.113619.2.312.4120.8398642.12366.1450174600.172 51960
2015/12/17 22:13:23 X87177 1.2.40.0.10.20151216.4374147 15464
2015/12/17 22:24:04 geservice 1.2.840.113619.2.312.4120.8398642.12366.1450174600.183 51961
2015/12/17 22:42:49 x87098 1.2.840.113619.2.312.4120.8398642.12366.1450174600.193 32455
